0 info it worked if it ends with ok
1 verbose cli [ '/Users/MrWeckel/.nvm/versions/node/v4.2.4/bin/node',
1 verbose cli   '/Users/MrWeckel/.nvm/versions/node/v4.2.4/bin/npm',
1 verbose cli   'install',
1 verbose cli   '--save',
1 verbose cli   'react-router',
1 verbose cli   '@1.X.Xhistory@1.X.X' ]
2 info using npm@3.5.3
3 info using node@v4.2.4
4 verbose config Skipping project config: /Users/MrWeckel/.npmrc. (matches userconfig)
5 silly loadCurrentTree Starting
6 silly install loadCurrentTree
7 silly install readLocalPackageData
8 silly fetchPackageMetaData react-router
9 silly fetchPackageMetaData @1.X.Xhistory@1.X.X
10 silly fetchNamedPackageData react-router
11 silly mapToRegistry name react-router
12 silly mapToRegistry using default registry
13 silly mapToRegistry registry https://registry.npmjs.org/
14 silly mapToRegistry uri https://registry.npmjs.org/react-router
15 silly fetchOtherPackageData @1.X.Xhistory@1.X.X
16 silly cache add args [ '@1.X.Xhistory@1.X.X', null ]
17 verbose cache add spec @1.X.Xhistory@1.X.X
18 silly cache add parsed spec Result {
18 silly cache add   raw: '@1.X.Xhistory@1.X.X',
18 silly cache add   scope: null,
18 silly cache add   name: null,
18 silly cache add   rawSpec: '@1.X.Xhistory@1.X.X',
18 silly cache add   spec: '/Users/MrWeckel/Documents/01-Developer_Weckel/03-Solo_Projects/08-React_Projects/02-ProReact/@1.X.Xhistory@1.X.X',
18 silly cache add   type: 'local' }
19 error addLocal Could not install /Users/MrWeckel/Documents/01-Developer_Weckel/03-Solo_Projects/08-React_Projects/02-ProReact/@1.X.Xhistory@1.X.X
20 silly fetchPackageMetaData Error: ENOENT: no such file or directory, open '/Users/MrWeckel/Documents/01-Developer_Weckel/03-Solo_Projects/08-React_Projects/02-ProReact/@1.X.Xhistory@1.X.X'
20 silly fetchPackageMetaData     at Error (native)
20 silly fetchPackageMetaData  error for @1.X.Xhistory@1.X.X { [Error: ENOENT: no such file or directory, open '/Users/MrWeckel/Documents/01-Developer_Weckel/03-Solo_Projects/08-React_Projects/02-ProReact/@1.X.Xhistory@1.X.X']
20 silly fetchPackageMetaData   errno: -2,
20 silly fetchPackageMetaData   code: 'ENOENT',
20 silly fetchPackageMetaData   syscall: 'open',
20 silly fetchPackageMetaData   path: '/Users/MrWeckel/Documents/01-Developer_Weckel/03-Solo_Projects/08-React_Projects/02-ProReact/@1.X.Xhistory@1.X.X' }
21 verbose request uri https://registry.npmjs.org/react-router
22 verbose request no auth needed
23 info attempt registry request try #1 at 2:33:29 PM
24 verbose request id 20f4ff83f9f0a913
25 verbose etag "34C0PE8XLB3GGJOY3KULU1FAY"
26 http request GET https://registry.npmjs.org/react-router
27 http 200 https://registry.npmjs.org/react-router
28 verbose headers { server: 'CouchDB/1.5.0 (Erlang OTP/R16B03)',
28 verbose headers   etag: '"9MRYTX681T420B372M0KWOMNQ"',
28 verbose headers   'content-type': 'application/json',
28 verbose headers   'content-encoding': 'gzip',
28 verbose headers   'cache-control': 'max-age=300',
28 verbose headers   'content-length': '21368',
28 verbose headers   'accept-ranges': 'bytes',
28 verbose headers   date: 'Sun, 07 Aug 2016 18:33:29 GMT',
28 verbose headers   via: '1.1 varnish',
28 verbose headers   age: '214',
28 verbose headers   connection: 'keep-alive',
28 verbose headers   'x-served-by': 'cache-iad2647-IAD',
28 verbose headers   'x-cache': 'HIT',
28 verbose headers   'x-cache-hits': '1',
28 verbose headers   'x-timer': 'S1470594809.785961,VS0,VE0',
28 verbose headers   vary: 'Accept-Encoding' }
29 silly get cb [ 200,
29 silly get   { server: 'CouchDB/1.5.0 (Erlang OTP/R16B03)',
29 silly get     etag: '"9MRYTX681T420B372M0KWOMNQ"',
29 silly get     'content-type': 'application/json',
29 silly get     'content-encoding': 'gzip',
29 silly get     'cache-control': 'max-age=300',
29 silly get     'content-length': '21368',
29 silly get     'accept-ranges': 'bytes',
29 silly get     date: 'Sun, 07 Aug 2016 18:33:29 GMT',
29 silly get     via: '1.1 varnish',
29 silly get     age: '214',
29 silly get     connection: 'keep-alive',
29 silly get     'x-served-by': 'cache-iad2647-IAD',
29 silly get     'x-cache': 'HIT',
29 silly get     'x-cache-hits': '1',
29 silly get     'x-timer': 'S1470594809.785961,VS0,VE0',
29 silly get     vary: 'Accept-Encoding' } ]
30 verbose get saving react-router to /Users/MrWeckel/.npm/registry.npmjs.org/react-router/.cache.json
31 silly rollbackFailedOptional Starting
32 silly rollbackFailedOptional Finishing
33 silly runTopLevelLifecycles Starting
34 silly runTopLevelLifecycles Finishing
35 silly install printInstalled
36 verbose stack Error: ENOENT: no such file or directory, open '/Users/MrWeckel/Documents/01-Developer_Weckel/03-Solo_Projects/08-React_Projects/02-ProReact/@1.X.Xhistory@1.X.X'
36 verbose stack     at Error (native)
37 verbose cwd /Users/MrWeckel/Documents/01-Developer_Weckel/03-Solo_Projects/08-React_Projects/02-ProReact
38 error Darwin 15.2.0
39 error argv "/Users/MrWeckel/.nvm/versions/node/v4.2.4/bin/node" "/Users/MrWeckel/.nvm/versions/node/v4.2.4/bin/npm" "install" "--save" "react-router" "@1.X.Xhistory@1.X.X"
40 error node v4.2.4
41 error npm  v3.5.3
42 error path /Users/MrWeckel/Documents/01-Developer_Weckel/03-Solo_Projects/08-React_Projects/02-ProReact/@1.X.Xhistory@1.X.X
43 error code ENOENT
44 error errno -2
45 error syscall open
46 error enoent ENOENT: no such file or directory, open '/Users/MrWeckel/Documents/01-Developer_Weckel/03-Solo_Projects/08-React_Projects/02-ProReact/@1.X.Xhistory@1.X.X'
47 error enoent ENOENT: no such file or directory, open '/Users/MrWeckel/Documents/01-Developer_Weckel/03-Solo_Projects/08-React_Projects/02-ProReact/@1.X.Xhistory@1.X.X'
47 error enoent This is most likely not a problem with npm itself
47 error enoent and is related to npm not being able to find a file.
48 verbose exit [ -2, true ]
