0 info it worked if it ends with ok
1 verbose cli [ '/Users/MrWeckel/.nvm/versions/node/v4.2.4/bin/node',
1 verbose cli   '/Users/MrWeckel/.nvm/versions/node/v4.2.4/bin/npm',
1 verbose cli   'start' ]
2 info using npm@3.5.3
3 info using node@v4.2.4
4 verbose run-script [ 'prestart', 'start', 'poststart' ]
5 info lifecycle react-app-boilerplate@1.0.0~prestart: react-app-boilerplate@1.0.0
6 silly lifecycle react-app-boilerplate@1.0.0~prestart: no script for prestart, continuing
7 info lifecycle react-app-boilerplate@1.0.0~start: react-app-boilerplate@1.0.0
8 verbose lifecycle react-app-boilerplate@1.0.0~start: unsafe-perm in lifecycle true
9 verbose lifecycle react-app-boilerplate@1.0.0~start: PATH: /Users/MrWeckel/.nvm/versions/node/v4.2.4/lib/node_modules/npm/bin/node-gyp-bin:/Users/MrWeckel/Documents/01-Developer_Weckel/03-Solo_Projects/08-React_Projects/02-ProReact/06-Project_06/node_modules/.bin:/Users/MrWeckel/.rvm/gems/ruby-2.0.0-p598/bin:/Users/MrWeckel/.rvm/gems/ruby-2.0.0-p598@global/bin:/Users/MrWeckel/.rvm/rubies/ruby-2.0.0-p598/bin:/Users/MrWeckel/.nvm/versions/node/v4.2.4/bin:/usr/bin:/bin:/usr/sbin:/sbin:/usr/local/bin:/Users/MrWeckel/.rvm/bin
10 verbose lifecycle react-app-boilerplate@1.0.0~start: CWD: /Users/MrWeckel/Documents/01-Developer_Weckel/03-Solo_Projects/08-React_Projects/02-ProReact/06-Project_06
11 silly lifecycle react-app-boilerplate@1.0.0~start: Args: [ '-c', 'webpack-dev-server --progress' ]
12 info lifecycle react-app-boilerplate@1.0.0~start: Failed to exec start script
13 verbose stack Error: react-app-boilerplate@1.0.0 start: `webpack-dev-server --progress`
13 verbose stack spawn ENOENT
13 verbose stack     at ChildProcess.<anonymous> (/Users/MrWeckel/.nvm/versions/node/v4.2.4/lib/node_modules/npm/lib/utils/spawn.js:17:16)
13 verbose stack     at emitTwo (events.js:87:13)
13 verbose stack     at ChildProcess.emit (events.js:172:7)
13 verbose stack     at maybeClose (internal/child_process.js:818:16)
13 verbose stack     at Process.ChildProcess._handle.onexit (internal/child_process.js:211:5)
14 verbose pkgid react-app-boilerplate@1.0.0
15 verbose cwd /Users/MrWeckel/Documents/01-Developer_Weckel/03-Solo_Projects/08-React_Projects/02-ProReact/06-Project_06
16 error Darwin 15.2.0
17 error argv "/Users/MrWeckel/.nvm/versions/node/v4.2.4/bin/node" "/Users/MrWeckel/.nvm/versions/node/v4.2.4/bin/npm" "start"
18 error node v4.2.4
19 error npm  v3.5.3
20 error file sh
21 error code ELIFECYCLE
22 error errno ENOENT
23 error syscall spawn
24 error react-app-boilerplate@1.0.0 start: `webpack-dev-server --progress`
24 error spawn ENOENT
25 error Failed at the react-app-boilerplate@1.0.0 start script 'webpack-dev-server --progress'.
25 error Make sure you have the latest version of node.js and npm installed.
25 error If you do, this is most likely a problem with the react-app-boilerplate package,
25 error not with npm itself.
25 error Tell the author that this fails on your system:
25 error     webpack-dev-server --progress
25 error You can get information on how to open an issue for this project with:
25 error     npm bugs react-app-boilerplate
25 error Or if that isn't available, you can get their info via:
25 error     npm owner ls react-app-boilerplate
25 error There is likely additional logging output above.
26 verbose exit [ 1, true ]
